<?xml version="1.0" encoding="UTF-8"?>
<testng-results ignored="0" total="1" passed="1" failed="0" skipped="0">
  <reporter-output>
  </reporter-output>
  <suite started-at="2022-08-30T10:50:07 CST" name="Default suite" finished-at="2022-08-30T10:50:12 CST" duration-ms="5445">
    <groups>
    </groups>
    <test started-at="2022-08-30T10:50:07 CST" name="Default test" finished-at="2022-08-30T10:50:12 CST" duration-ms="5445">
      <class name="mail.Test_mail_02Test">
        <test-method signature="mainTest()[pri:0, instance:mail.Test_mail_02Test@46fa7c39]" started-at="2022-08-30T10:50:07 CST" name="mainTest" finished-at="2022-08-30T10:50:12 CST" duration-ms="5423" status="PASS">
          <reporter-output>
          </reporter-output>
        </test-method> <!-- mainTest -->
      </class> <!-- mail.Test_mail_02Test -->
    </test> <!-- Default test -->
  </suite> <!-- Default suite -->
</testng-results>
